WARNING: A terminally deprecated method in sun.misc.Unsafe has been called
WARNING: sun.misc.Unsafe::staticFieldBase has been called by com.google.inject.internal.aop.HiddenClassDefiner (file:/C:/Users/Leandro.Cruz/.m2/wrapper/dists/apache-maven-3.9.11/03d7e36a140982eea48e22c1dcac01d8862b2550b2939e09a0809bbc5182a5bc/lib/guice-5.1.0-classes.jar)
WARNING: Please consider reporting this to the maintainers of class com.google.inject.internal.aop.HiddenClassDefiner
WARNING: sun.misc.Unsafe::staticFieldBase will be removed in a future release
[INFO] Scanning for projects...
[INFO] 
[INFO] --------------------< br.com.uvmarker:makerhub-web >--------------------
[INFO] Building makerhub-web 0.0.1-SNAPSHOT
[INFO]   from pom.xml
[INFO] --------------------------------[ jar ]---------------------------------
[INFO] 
[INFO] --- clean:3.4.1:clean (default-clean) @ makerhub-web ---
[INFO] Deleting C:\Projetos\Projeto TI - Universo Marker\workspace_ai\makerhub-web\target
[INFO] 
[INFO] --- resources:3.3.1:resources (default-resources) @ makerhub-web ---
[INFO] Copying 1 resource from src\main\resources to target\classes
[INFO] Copying 2 resources from src\main\resources to target\classes
[INFO] 
[INFO] --- compiler:3.14.1:compile (default-compile) @ makerhub-web ---
[INFO] Recompiling the module because of changed source code.
[INFO] Compiling 256 source files with javac [debug parameters release 17] to target\classes
[INFO] -------------------------------------------------------------
[WARNING] COMPILATION WARNING : 
[INFO] -------------------------------------------------------------
[WARNING] /C:/Projetos/Projeto TI - Universo Marker/workspace_ai/makerhub-web/src/main/java/br/com/uvmarker/makerhub_web/person/mapper/CentralMapperPerson.java:[44,12] Unmapped target property: "type".
[INFO] 1 warning
[INFO] -------------------------------------------------------------
[INFO] -------------------------------------------------------------
[ERROR] COMPILATION ERROR : 
[INFO] -------------------------------------------------------------
[ERROR] /C:/Projetos/Projeto TI - Universo Marker/workspace_ai/makerhub-web/target/generated-sources/annotations/br/com/uvmarker/makerhub_web/user/mapper/CentralMapperUserImpl.java:[63,96] package br.com.uvmarker.makerhub_web.user.entity does not exist
[INFO] 1 error
[INFO] -------------------------------------------------------------
[INFO] ------------------------------------------------------------------------
[INFO] BUILD FAILURE
[INFO] ------------------------------------------------------------------------
[INFO] Total time:  9.577 s
[INFO] Finished at: 2025-11-22T11:06:34-03:00
[INFO] ------------------------------------------------------------------------
[ERROR] Failed to execute goal org.apache.maven.plugins:maven-compiler-plugin:3.14.1:compile (default-compile) on project makerhub-web: Compilation failure
[ERROR] /C:/Projetos/Projeto TI - Universo Marker/workspace_ai/makerhub-web/target/generated-sources/annotations/br/com/uvmarker/makerhub_web/user/mapper/CentralMapperUserImpl.java:[63,96] package br.com.uvmarker.makerhub_web.user.entity does not exist
[ERROR] 
[ERROR] -> [Help 1]
[ERROR] 
[ERROR] To see the full stack trace of the errors, re-run Maven with the -e switch.
[ERROR] Re-run Maven using the -X switch to enable full debug logging.
[ERROR] 
[ERROR] For more information about the errors and possible solutions, please read the following articles:
[ERROR] [Help 1] http://cwiki.apache.org/confluence/display/MAVEN/MojoFailureException
